<?xml version="1.0" encoding="UTF-8"?>
<testng-results ignored="0" total="2" passed="2" failed="0" skipped="0">
  <reporter-output>
  </reporter-output>
  <suite started-at="2021-05-31T18:37:05Z" name="Suite" finished-at="2021-05-31T18:37:05Z" duration-ms="75">
    <groups>
    </groups>
    <test started-at="2021-05-31T18:37:05Z" name="Test" finished-at="2021-05-31T18:37:05Z" duration-ms="75">
      <class name="testng.Testng">
        <test-method is-config="true" signature="browserlaunch()[pri:0, instance:testng.Testng@79c97cb]" started-at="2021-05-31T18:37:05Z" name="browserlaunch" finished-at="2021-05-31T18:37:05Z" duration-ms="16" status="PASS">
          <reporter-output>
          </reporter-output>
        </test-method> <!-- browserlaunch -->
        <test-method is-config="true" signature="startTime()[pri:0, instance:testng.Testng@79c97cb]" started-at="2021-05-31T18:37:05Z" name="startTime" finished-at="2021-05-31T18:37:05Z" duration-ms="1" status="PASS">
          <reporter-output>
          </reporter-output>
        </test-method> <!-- startTime -->
        <test-method signature="TC1()[pri:0, instance:testng.Testng@79c97cb]" started-at="2021-05-31T18:37:05Z" name="TC1" finished-at="2021-05-31T18:37:05Z" duration-ms="10" status="PASS">
          <reporter-output>
          </reporter-output>
        </test-method> <!-- TC1 -->
        <test-method is-config="true" signature="AfterTime()[pri:0, instance:testng.Testng@79c97cb]" started-at="2021-05-31T18:37:05Z" name="AfterTime" finished-at="2021-05-31T18:37:05Z" duration-ms="1" status="PASS">
          <reporter-output>
          </reporter-output>
        </test-method> <!-- AfterTime -->
        <test-method is-config="true" signature="startTime()[pri:0, instance:testng.Testng@79c97cb]" started-at="2021-05-31T18:37:05Z" name="startTime" finished-at="2021-05-31T18:37:05Z" duration-ms="2" status="PASS">
          <reporter-output>
          </reporter-output>
        </test-method> <!-- startTime -->
        <test-method signature="TC2()[pri:0, instance:testng.Testng@79c97cb]" started-at="2021-05-31T18:37:05Z" name="TC2" finished-at="2021-05-31T18:37:05Z" duration-ms="4" status="PASS">
          <reporter-output>
          </reporter-output>
        </test-method> <!-- TC2 -->
        <test-method is-config="true" signature="AfterTime()[pri:0, instance:testng.Testng@79c97cb]" started-at="2021-05-31T18:37:05Z" name="AfterTime" finished-at="2021-05-31T18:37:05Z" duration-ms="1" status="PASS">
          <reporter-output>
          </reporter-output>
        </test-method> <!-- AfterTime -->
        <test-method is-config="true" signature="quitbrowser()[pri:0, instance:testng.Testng@79c97cb]" started-at="2021-05-31T18:37:05Z" name="quitbrowser" finished-at="2021-05-31T18:37:05Z" duration-ms="0" status="PASS">
          <reporter-output>
          </reporter-output>
        </test-method> <!-- quitbrowser -->
      </class> <!-- testng.Testng -->
    </test> <!-- Test -->
  </suite> <!-- Suite -->
</testng-results>
